[2026-05-29 00:28:01 PDT] [realtime] 📡 Starting Realtime GTFS ingestion (load_vta_realtime.py)...
⏳ Fetching binary GTFS-RT feed from 511.org at 2026-05-29 07:28:02.729009+00:00...
💾 Appending 217 active records to raw_gtfs_realtime_pings...
🧹 Running sliding window maintenance (purging logs older than 48 hours)...
✅ Ingestion phase and rolling window maintenance complete.
[2026-05-29 00:28:04 PDT] [realtime] ✅ Realtime ingestion complete.
[2026-05-29 00:30:00 PDT] [realtime] 📡 Starting Realtime GTFS ingestion (load_vta_realtime.py)...
⏳ Fetching binary GTFS-RT feed from 511.org at 2026-05-29 07:30:01.722521+00:00...
💾 Appending 214 active records to raw_gtfs_realtime_pings...
🧹 Running sliding window maintenance (purging logs older than 48 hours)...
✅ Ingestion phase and rolling window maintenance complete.
[2026-05-29 00:30:03 PDT] [realtime] ✅ Realtime ingestion complete.
[2026-05-29 00:32:00 PDT] [realtime] 📡 Starting Realtime GTFS ingestion (load_vta_realtime.py)...
⏳ Fetching binary GTFS-RT feed from 511.org at 2026-05-29 07:32:01.350774+00:00...
💾 Appending 212 active records to raw_gtfs_realtime_pings...
🧹 Running sliding window maintenance (purging logs older than 48 hours)...
✅ Ingestion phase and rolling window maintenance complete.
[2026-05-29 00:32:02 PDT] [realtime] ✅ Realtime ingestion complete.
[2026-05-29 00:34:00 PDT] [realtime] 📡 Starting Realtime GTFS ingestion (load_vta_realtime.py)...
⏳ Fetching binary GTFS-RT feed from 511.org at 2026-05-29 07:34:01.365824+00:00...
💾 Appending 210 active records to raw_gtfs_realtime_pings...
🧹 Running sliding window maintenance (purging logs older than 48 hours)...
✅ Ingestion phase and rolling window maintenance complete.
[2026-05-29 00:34:02 PDT] [realtime] ✅ Realtime ingestion complete.
[2026-05-29 00:36:00 PDT] [realtime] 📡 Starting Realtime GTFS ingestion (load_vta_realtime.py)...
⏳ Fetching binary GTFS-RT feed from 511.org at 2026-05-29 07:36:01.423918+00:00...
💾 Appending 208 active records to raw_gtfs_realtime_pings...
🧹 Running sliding window maintenance (purging logs older than 48 hours)...
✅ Ingestion phase and rolling window maintenance complete.
[2026-05-29 00:36:03 PDT] [realtime] ✅ Realtime ingestion complete.
[2026-05-29 00:38:00 PDT] [realtime] 📡 Starting Realtime GTFS ingestion (load_vta_realtime.py)...
⏳ Fetching binary GTFS-RT feed from 511.org at 2026-05-29 07:38:01.353291+00:00...
💾 Appending 206 active records to raw_gtfs_realtime_pings...
🧹 Running sliding window maintenance (purging logs older than 48 hours)...
✅ Ingestion phase and rolling window maintenance complete.
[2026-05-29 00:38:02 PDT] [realtime] ✅ Realtime ingestion complete.
[2026-05-29 00:40:00 PDT] [realtime] 📡 Starting Realtime GTFS ingestion (load_vta_realtime.py)...
⏳ Fetching binary GTFS-RT feed from 511.org at 2026-05-29 07:40:02.124586+00:00...
💾 Appending 202 active records to raw_gtfs_realtime_pings...
🧹 Running sliding window maintenance (purging logs older than 48 hours)...
✅ Ingestion phase and rolling window maintenance complete.
[2026-05-29 00:40:03 PDT] [realtime] ✅ Realtime ingestion complete.
[2026-05-29 00:42:00 PDT] [realtime] 📡 Starting Realtime GTFS ingestion (load_vta_realtime.py)...
⏳ Fetching binary GTFS-RT feed from 511.org at 2026-05-29 07:42:01.973800+00:00...
💾 Appending 201 active records to raw_gtfs_realtime_pings...
🧹 Running sliding window maintenance (purging logs older than 48 hours)...
✅ Ingestion phase and rolling window maintenance complete.
[2026-05-29 00:42:03 PDT] [realtime] ✅ Realtime ingestion complete.
[2026-05-29 00:44:00 PDT] [realtime] 📡 Starting Realtime GTFS ingestion (load_vta_realtime.py)...
⏳ Fetching binary GTFS-RT feed from 511.org at 2026-05-29 07:44:01.703066+00:00...
💾 Appending 197 active records to raw_gtfs_realtime_pings...
🧹 Running sliding window maintenance (purging logs older than 48 hours)...
✅ Ingestion phase and rolling window maintenance complete.
[2026-05-29 00:44:03 PDT] [realtime] ✅ Realtime ingestion complete.
[2026-05-29 00:46:00 PDT] [realtime] 📡 Starting Realtime GTFS ingestion (load_vta_realtime.py)...
⏳ Fetching binary GTFS-RT feed from 511.org at 2026-05-29 07:46:01.554650+00:00...
💾 Appending 194 active records to raw_gtfs_realtime_pings...
🧹 Running sliding window maintenance (purging logs older than 48 hours)...
✅ Ingestion phase and rolling window maintenance complete.
[2026-05-29 00:46:03 PDT] [realtime] ✅ Realtime ingestion complete.
[2026-05-29 00:48:00 PDT] [realtime] 📡 Starting Realtime GTFS ingestion (load_vta_realtime.py)...
⏳ Fetching binary GTFS-RT feed from 511.org at 2026-05-29 07:48:01.364116+00:00...
💾 Appending 193 active records to raw_gtfs_realtime_pings...
🧹 Running sliding window maintenance (purging logs older than 48 hours)...
✅ Ingestion phase and rolling window maintenance complete.
[2026-05-29 00:48:02 PDT] [realtime] ✅ Realtime ingestion complete.
[2026-05-29 00:50:01 PDT] [realtime] 📡 Starting Realtime GTFS ingestion (load_vta_realtime.py)...
⏳ Fetching binary GTFS-RT feed from 511.org at 2026-05-29 07:50:02.154352+00:00...
💾 Appending 191 active records to raw_gtfs_realtime_pings...
🧹 Running sliding window maintenance (purging logs older than 48 hours)...
✅ Ingestion phase and rolling window maintenance complete.
[2026-05-29 00:50:03 PDT] [realtime] ✅ Realtime ingestion complete.
[2026-05-29 00:52:00 PDT] [realtime] 📡 Starting Realtime GTFS ingestion (load_vta_realtime.py)...
⏳ Fetching binary GTFS-RT feed from 511.org at 2026-05-29 07:52:02.034408+00:00...
💾 Appending 187 active records to raw_gtfs_realtime_pings...
🧹 Running sliding window maintenance (purging logs older than 48 hours)...
✅ Ingestion phase and rolling window maintenance complete.
[2026-05-29 00:52:03 PDT] [realtime] ✅ Realtime ingestion complete.
[2026-05-29 00:54:00 PDT] [realtime] 📡 Starting Realtime GTFS ingestion (load_vta_realtime.py)...
⏳ Fetching binary GTFS-RT feed from 511.org at 2026-05-29 07:54:01.843408+00:00...
💾 Appending 186 active records to raw_gtfs_realtime_pings...
🧹 Running sliding window maintenance (purging logs older than 48 hours)...
✅ Ingestion phase and rolling window maintenance complete.
[2026-05-29 00:54:03 PDT] [realtime] ✅ Realtime ingestion complete.
[2026-05-29 00:56:00 PDT] [realtime] 📡 Starting Realtime GTFS ingestion (load_vta_realtime.py)...
⏳ Fetching binary GTFS-RT feed from 511.org at 2026-05-29 07:56:01.366799+00:00...
💾 Appending 182 active records to raw_gtfs_realtime_pings...
🧹 Running sliding window maintenance (purging logs older than 48 hours)...
✅ Ingestion phase and rolling window maintenance complete.
[2026-05-29 00:56:02 PDT] [realtime] ✅ Realtime ingestion complete.
